<?xml version="1.0" encoding="UTF-8"?>
<testsuite name="com.fastcampus.sns.service.PostServiceTest" tests="10" skipped="0" failures="0" errors="0" timestamp="2025-03-15T11:19:17" hostname="juyeong-ui-MacBookPro.local" time="0.128">
  <properties/>
  <testcase name="내피드목록요청이_성공한경우()" classname="com.fastcampus.sns.service.PostServiceTest" time="0.059"/>
  <testcase name="포스트수정이_성공한경우()" classname="com.fastcampus.sns.service.PostServiceTest" time="0.008"/>
  <testcase name="포스트작성시_요청한유저가_존재하지않는경우_에러발생()" classname="com.fastcampus.sns.service.PostServiceTest" time="0.033"/>
  <testcase name="포스트수정시_포스트가_존재하지않는_경우_에러발생()" classname="com.fastcampus.sns.service.PostServiceTest" time="0.004"/>
  <testcase name="포스트삭제가_성공한경우()" classname="com.fastcampus.sns.service.PostServiceTest" time="0.004"/>
  <testcase name="포스트삭제시_권한이_없는경우_에러발생()" classname="com.fastcampus.sns.service.PostServiceTest" time="0.003"/>
  <testcase name="피드목록요청이_성공한경우()" classname="com.fastcampus.sns.service.PostServiceTest" time="0.002"/>
  <testcase name="포스트작성이_성공한경우()" classname="com.fastcampus.sns.service.PostServiceTest" time="0.003"/>
  <testcase name="포스트수정시_권한이_없는경우_에러발생()" classname="com.fastcampus.sns.service.PostServiceTest" time="0.003"/>
  <testcase name="포스트삭제시_포스트가_존재하지않는_경우_에러발생()" classname="com.fastcampus.sns.service.PostServiceTest" time="0.003"/>
  <system-out><![CDATA[2025-03-15T20:19:16.621+09:00  INFO 3752 --- [sns] [    Test worker] t.c.s.AnnotationConfigContextLoaderUtils : Could not detect default configuration classes for test class [com.fastcampus.sns.service.PostServiceTest]: PostServiceTest does not declare any static, non-private, non-final, nested classes annotated with @Configuration.
2025-03-15T20:19:16.624+09:00  INFO 3752 --- [sns] [    Test worker] .b.t.c.SpringBootTestContextBootstrapper : Found @SpringBootConfiguration com.fastcampus.sns.SnsApplication for test class com.fastcampus.sns.service.PostServiceTest

  .   ____          _            __ _ _
 /\\ / ___'_ __ _ _(_)_ __  __ _ \ \ \ \
( ( )\___ | '_ | '_| | '_ \/ _` | \ \ \ \
 \\/  ___)| |_)| | | | | || (_| |  ) ) ) )
  '  |____| .__|_| |_|_| |_\__, | / / / /
 =========|_|==============|___/=/_/_/_/

 :: Spring Boot ::                (v3.4.1)

2025-03-15T20:19:16.638+09:00  INFO 3752 --- [sns] [    Test worker] c.f.sns.service.PostServiceTest          : Starting PostServiceTest using Java 17.0.3.1 with PID 3752 (started by jyung in /Users/jyung/Git/spring-sns)
2025-03-15T20:19:16.638+09:00  INFO 3752 --- [sns] [    Test worker] c.f.sns.service.PostServiceTest          : No active profile set, falling back to 1 default profile: "default"
2025-03-15T20:19:16.710+09:00  INFO 3752 --- [sns] [    Test worker] .s.d.r.c.RepositoryConfigurationDelegate : Bootstrapping Spring Data JPA repositories in DEFAULT mode.
2025-03-15T20:19:16.714+09:00  INFO 3752 --- [sns] [    Test worker] .s.d.r.c.RepositoryConfigurationDelegate : Finished Spring Data repository scanning in 4 ms. Found 2 JPA repository interfaces.
2025-03-15T20:19:16.863+09:00  INFO 3752 --- [sns] [    Test worker] o.hibernate.jpa.internal.util.LogHelper  : HHH000204: Processing PersistenceUnitInfo [name: default]
2025-03-15T20:19:16.865+09:00  INFO 3752 --- [sns] [    Test worker] o.h.c.internal.RegionFactoryInitiator    : HHH000026: Second-level cache disabled
2025-03-15T20:19:16.869+09:00  INFO 3752 --- [sns] [    Test worker] o.s.o.j.p.SpringPersistenceUnitInfo      : No LoadTimeWeaver setup: ignoring JPA class transformer
2025-03-15T20:19:16.869+09:00  INFO 3752 --- [sns] [    Test worker] com.zaxxer.hikari.HikariDataSource       : HikariPool-4 - Starting...
2025-03-15T20:19:16.871+09:00  INFO 3752 --- [sns] [    Test worker] com.zaxxer.hikari.pool.HikariPool        : HikariPool-4 - Added connection org.mariadb.jdbc.Connection@2463a9ec
2025-03-15T20:19:16.871+09:00  INFO 3752 --- [sns] [    Test worker] com.zaxxer.hikari.HikariDataSource       : HikariPool-4 - Start completed.
2025-03-15T20:19:16.872+09:00  WARN 3752 --- [sns] [    Test worker] org.hibernate.orm.deprecation            : HHH90000025: MariaDBDialect does not need to be specified explicitly using 'hibernate.dialect' (remove the property setting and it will be selected by default)
2025-03-15T20:19:16.872+09:00  INFO 3752 --- [sns] [    Test worker] org.hibernate.orm.connections.pooling    : HHH10001005: Database info:
	Database JDBC URL [Connecting through datasource 'HikariDataSource (HikariPool-4)']
	Database driver: undefined/unknown
	Database version: 11.6.2
	Autocommit mode: undefined/unknown
	Isolation level: undefined/unknown
	Minimum pool size: undefined/unknown
	Maximum pool size: undefined/unknown
2025-03-15T20:19:16.897+09:00  INFO 3752 --- [sns] [    Test worker] o.h.e.t.j.p.i.JtaPlatformInitiator       : HHH000489: No JTA platform available (set 'hibernate.transaction.jta.platform' to enable JTA platform integration)
2025-03-15T20:19:16.906+09:00  INFO 3752 --- [sns] [    Test worker] j.LocalContainerEntityManagerFactoryBean : Initialized JPA EntityManagerFactory for persistence unit 'default'
2025-03-15T20:19:16.923+09:00  WARN 3752 --- [sns] [    Test worker] JpaBaseConfiguration$JpaWebConfiguration : spring.jpa.open-in-view is enabled by default. Therefore, database queries may be performed during view rendering. Explicitly configure spring.jpa.open-in-view to disable this warning
2025-03-15T20:19:16.931+09:00  WARN 3752 --- [sns] [    Test worker] .s.s.UserDetailsServiceAutoConfiguration : 

Using generated security password: ae056596-8247-45f3-9ae3-5b0244d852bb

This generated password is for development use only. Your security configuration must be updated before running your application in production.

2025-03-15T20:19:16.932+09:00  INFO 3752 --- [sns] [    Test worker] r$InitializeUserDetailsManagerConfigurer : Global AuthenticationManager configured with UserDetailsService bean with name inMemoryUserDetailsManager
2025-03-15T20:19:17.062+09:00  INFO 3752 --- [sns] [    Test worker] c.f.sns.service.PostServiceTest          : Started PostServiceTest in 0.436 seconds (process running for 4.664)
]]></system-out>
  <system-err><![CDATA[]]></system-err>
</testsuite>
