<?xml version="1.0" encoding="UTF-8"?>
<testsuite name="com.fastcampus.sns.service.PostServiceTest" tests="1" skipped="0" failures="0" errors="0" timestamp="2025-03-06T08:48:02" hostname="BOOK-5SHHQ5JM91" time="0.245">
  <properties/>
  <testcase name="피드목록요청이_성공한경우()" classname="com.fastcampus.sns.service.PostServiceTest" time="0.245"/>
  <system-out><![CDATA[17:47:48.041 [Test worker] INFO org.springframework.test.context.support.AnnotationConfigContextLoaderUtils -- Could not detect default configuration classes for test class [com.fastcampus.sns.service.PostServiceTest]: PostServiceTest does not declare any static, non-private, non-final, nested classes annotated with @Configuration.
17:47:48.637 [Test worker] INFO org.springframework.boot.test.context.SpringBootTestContextBootstrapper -- Found @SpringBootConfiguration com.fastcampus.sns.SnsApplication for test class com.fastcampus.sns.service.PostServiceTest

  .   ____          _            __ _ _
 /\\ / ___'_ __ _ _(_)_ __  __ _ \ \ \ \
( ( )\___ | '_ | '_| | '_ \/ _` | \ \ \ \
 \\/  ___)| |_)| | | | | || (_| |  ) ) ) )
  '  |____| .__|_| |_|_| |_\__, | / / / /
 =========|_|==============|___/=/_/_/_/

 :: Spring Boot ::                (v3.4.1)

2025-03-06T17:47:50.119+09:00  INFO 26468 --- [sns] [    Test worker] c.f.sns.service.PostServiceTest          : Starting PostServiceTest using Java 17.0.9 with PID 26468 (started by brlle in C:\Users\brlle\Desktop\young\dev\spring\spring-sns)
2025-03-06T17:47:50.121+09:00  INFO 26468 --- [sns] [    Test worker] c.f.sns.service.PostServiceTest          : No active profile set, falling back to 1 default profile: "default"
2025-03-06T17:47:52.377+09:00  INFO 26468 --- [sns] [    Test worker] .s.d.r.c.RepositoryConfigurationDelegate : Bootstrapping Spring Data JPA repositories in DEFAULT mode.
2025-03-06T17:47:52.507+09:00  INFO 26468 --- [sns] [    Test worker] .s.d.r.c.RepositoryConfigurationDelegate : Finished Spring Data repository scanning in 108 ms. Found 2 JPA repository interfaces.
2025-03-06T17:47:56.836+09:00  INFO 26468 --- [sns] [    Test worker] o.hibernate.jpa.internal.util.LogHelper  : HHH000204: Processing PersistenceUnitInfo [name: default]
2025-03-06T17:47:57.127+09:00  INFO 26468 --- [sns] [    Test worker] org.hibernate.Version                    : HHH000412: Hibernate ORM core version 6.6.4.Final
2025-03-06T17:47:57.205+09:00  INFO 26468 --- [sns] [    Test worker] o.h.c.internal.RegionFactoryInitiator    : HHH000026: Second-level cache disabled
2025-03-06T17:47:57.510+09:00  INFO 26468 --- [sns] [    Test worker] o.s.o.j.p.SpringPersistenceUnitInfo      : No LoadTimeWeaver setup: ignoring JPA class transformer
2025-03-06T17:47:57.700+09:00  INFO 26468 --- [sns] [    Test worker] com.zaxxer.hikari.HikariDataSource       : HikariPool-1 - Starting...
2025-03-06T17:47:58.085+09:00  INFO 26468 --- [sns] [    Test worker] com.zaxxer.hikari.pool.HikariPool        : HikariPool-1 - Added connection org.mariadb.jdbc.Connection@62c6db99
2025-03-06T17:47:58.094+09:00  INFO 26468 --- [sns] [    Test worker] com.zaxxer.hikari.HikariDataSource       : HikariPool-1 - Start completed.
2025-03-06T17:47:58.210+09:00  WARN 26468 --- [sns] [    Test worker] org.hibernate.orm.deprecation            : HHH90000025: MariaDBDialect does not need to be specified explicitly using 'hibernate.dialect' (remove the property setting and it will be selected by default)
2025-03-06T17:47:58.299+09:00  INFO 26468 --- [sns] [    Test worker] org.hibernate.orm.connections.pooling    : HHH10001005: Database info:
	Database JDBC URL [Connecting through datasource 'HikariDataSource (HikariPool-1)']
	Database driver: undefined/unknown
	Database version: 11.3
	Autocommit mode: undefined/unknown
	Isolation level: undefined/unknown
	Minimum pool size: undefined/unknown
	Maximum pool size: undefined/unknown
2025-03-06T17:48:00.378+09:00  INFO 26468 --- [sns] [    Test worker] o.h.e.t.j.p.i.JtaPlatformInitiator       : HHH000489: No JTA platform available (set 'hibernate.transaction.jta.platform' to enable JTA platform integration)
2025-03-06T17:48:00.508+09:00  INFO 26468 --- [sns] [    Test worker] j.LocalContainerEntityManagerFactoryBean : Initialized JPA EntityManagerFactory for persistence unit 'default'
2025-03-06T17:48:00.712+09:00  WARN 26468 --- [sns] [    Test worker] JpaBaseConfiguration$JpaWebConfiguration : spring.jpa.open-in-view is enabled by default. Therefore, database queries may be performed during view rendering. Explicitly configure spring.jpa.open-in-view to disable this warning
2025-03-06T17:48:00.778+09:00  WARN 26468 --- [sns] [    Test worker] .s.s.UserDetailsServiceAutoConfiguration : 

Using generated security password: eae0e24e-0fcb-4b9b-bb26-f4a3b6b77b9a

This generated password is for development use only. Your security configuration must be updated before running your application in production.

2025-03-06T17:48:00.805+09:00  INFO 26468 --- [sns] [    Test worker] r$InitializeUserDetailsManagerConfigurer : Global AuthenticationManager configured with UserDetailsService bean with name inMemoryUserDetailsManager
2025-03-06T17:48:02.881+09:00  INFO 26468 --- [sns] [    Test worker] c.f.sns.service.PostServiceTest          : Started PostServiceTest in 13.614 seconds (process running for 18.742)
]]></system-out>
  <system-err><![CDATA[]]></system-err>
</testsuite>
